# JRE version: OpenJDK Runtime Environment Zulu11.43+21-CA (11.0.9+11) (build 11.0.9+11-LTS)
# Java VM: OpenJDK 64-Bit Server VM Zulu11.43+21-CA (11.0.9+11-LTS, mixed mode, tiered, compressed oops, g1 gc, linux-amd64)
Heap:
 garbage-first heap   total 17408K, used 4579K [0x0000000080000000, 0x0000000100000000)
  region size 1024K, 1 young (1024K), 0 survivors (0K)
 Metaspace       used 9291K, capacity 9430K, committed 10112K, reserved 1058816K
  class space    used 901K, capacity 955K, committed 1152K, reserved 1048576K
GC Heap History (20 events):
Event: 36697.136 GC heap before
{Heap before GC invocations=9 (full 9):
 garbage-first heap   total 17408K, used 4592K [0x0000000080000000, 0x0000000100000000)
  region size 1024K, 1 young (1024K), 0 survivors (0K)
 Metaspace       used 9290K, capacity 9430K, committed 10112K, reserved 1058816K
  class space    used 901K, capacity 955K, committed 1152K, reserved 1048576K
}
Event: 36697.141 GC heap after
{Heap after GC invocations=10 (full 10):
 garbage-first heap   total 17408K, used 4592K [0x0000000080000000, 0x0000000100000000)
  region size 1024K, 0 young (0K), 0 survivors (0K)
 Metaspace       used 9290K, capacity 9430K, committed 10112K, reserved 1058816K
  class space    used 901K, capacity 955K, committed 1152K, reserved 1048576K
}
Event: 36760.592 GC heap before
{Heap before GC invocations=10 (full 10):
 garbage-first heap   total 17408K, used 4592K [0x0000000080000000, 0x0000000100000000)
  region size 1024K, 1 young (1024K), 0 survivors (0K)
 Metaspace       used 9290K, capacity 9430K, committed 10112K, reserved 1058816K
  class space    used 901K, capacity 955K, committed 1152K, reserved 1048576K
}
Event: 36760.595 GC heap after
{Heap after GC invocations=11 (full 11):
 garbage-first heap   total 17408K, used 4592K [0x0000000080000000, 0x0000000100000000)
  region size 1024K, 0 young (0K), 0 survivors (0K)
 Metaspace       used 9290K, capacity 9430K, committed 10112K, reserved 1058816K
  class space    used 901K, capacity 955K, committed 1152K, reserved 1048576K
}
Event: 36784.587 GC heap before
{Heap before GC invocations=11 (full 11):
 garbage-first heap   total 17408K, used 4592K [0x0000000080000000, 0x0000000100000000)
  region size 1024K, 1 young (1024K), 0 survivors (0K)
 Metaspace       used 9290K, capacity 9430K, committed 10112K, reserved 1058816K
  class space    used 901K, capacity 955K, committed 1152K, reserved 1048576K
}
Event: 36784.591 GC heap after
{Heap after GC invocations=12 (full 12):
 garbage-first heap   total 17408K, used 4592K [0x0000000080000000, 0x0000000100000000)
  region size 1024K, 0 young (0K), 0 survivors (0K)
 Metaspace       used 9290K, capacity 9430K, committed 10112K, reserved 1058816K
  class space    used 901K, capacity 955K, committed 1152K, reserved 1048576K
}
Event: 36800.428 GC heap before
{Heap before GC invocations=12 (full 12):
 garbage-first heap   total 17408K, used 4592K [0x0000000080000000, 0x0000000100000000)
  region size 1024K, 1 young (1024K), 0 survivors (0K)
 Metaspace       used 9290K, capacity 9430K, committed 10112K, reserved 1058816K
  class space    used 901K, capacity 955K, committed 1152K, reserved 1048576K
}
Event: 36800.432 GC heap after
{Heap after GC invocations=13 (full 13):
 garbage-first heap   total 17408K, used 4592K [0x0000000080000000, 0x0000000100000000)
  region size 1024K, 0 young (0K), 0 survivors (0K)
 Metaspace       used 9290K, capacity 9430K, committed 10112K, reserved 1058816K
  class space    used 901K, capacity 955K, committed 1152K, reserved 1048576K
}
Event: 36871.325 GC heap before
{Heap before GC invocations=13 (full 13):
 garbage-first heap   total 17408K, used 4592K [0x0000000080000000, 0x0000000100000000)
  region size 1024K, 1 young (1024K), 0 survivors (0K)
 Metaspace       used 9290K, capacity 9430K, committed 10112K, reserved 1058816K
  class space    used 901K, capacity 955K, committed 1152K, reserved 1048576K
}
Event: 36871.328 GC heap after
{Heap after GC invocations=14 (full 14):
 garbage-first heap   total 17408K, used 4592K [0x0000000080000000, 0x0000000100000000)
  region size 1024K, 0 young (0K), 0 survivors (0K)
 Metaspace       used 9290K, capacity 9430K, committed 10112K, reserved 1058816K
  class space    used 901K, capacity 955K, committed 1152K, reserved 1048576K
}
Event: 40860.183 GC heap before
{Heap before GC invocations=14 (full 14):
 garbage-first heap   total 17408K, used 4592K [0x0000000080000000, 0x0000000100000000)
  region size 1024K, 1 young (1024K), 0 survivors (0K)
 Metaspace       used 9291K, capacity 9430K, committed 10112K, reserved 1058816K
  class space    used 901K, capacity 955K, committed 1152K, reserved 1048576K
}
Event: 40860.187 GC heap after
{Heap after GC invocations=15 (full 15):
 garbage-first heap   total 17408K, used 4585K [0x0000000080000000, 0x0000000100000000)
  region size 1024K, 0 young (0K), 0 survivors (0K)
 Metaspace       used 9291K, capacity 9430K, committed 10112K, reserved 1058816K
  class space    used 901K, capacity 955K, committed 1152K, reserved 1048576K
}
Event: 40907.029 GC heap before
{Heap before GC invocations=15 (full 15):
 garbage-first heap   total 17408K, used 4585K [0x0000000080000000, 0x0000000100000000)
  region size 1024K, 1 young (1024K), 0 survivors (0K)
 Metaspace       used 9291K, capacity 9430K, committed 10112K, reserved 1058816K
  class space    used 901K, capacity 955K, committed 1152K, reserved 1048576K
}
Event: 40907.032 GC heap after
{Heap after GC invocations=16 (full 16):
 garbage-first heap   total 17408K, used 4585K [0x0000000080000000, 0x0000000100000000)
  region size 1024K, 0 young (0K), 0 survivors (0K)
 Metaspace       used 9291K, capacity 9430K, committed 10112K, reserved 1058816K
  class space    used 901K, capacity 955K, committed 1152K, reserved 1048576K
}
Event: 41015.394 GC heap before
{Heap before GC invocations=16 (full 16):
 garbage-first heap   total 17408K, used 4585K [0x0000000080000000, 0x0000000100000000)
  region size 1024K, 1 young (1024K), 0 survivors (0K)
 Metaspace       used 9291K, capacity 9430K, committed 10112K, reserved 1058816K
  class space    used 901K, capacity 955K, committed 1152K, reserved 1048576K
}
Event: 41015.397 GC heap after
{Heap after GC invocations=17 (full 17):
 garbage-first heap   total 17408K, used 4585K [0x0000000080000000, 0x0000000100000000)
  region size 1024K, 0 young (0K), 0 survivors (0K)
 Metaspace       used 9291K, capacity 9430K, committed 10112K, reserved 1058816K
  class space    used 901K, capacity 955K, committed 1152K, reserved 1048576K
}
Event: 41045.061 GC heap before
{Heap before GC invocations=17 (full 17):
 garbage-first heap   total 17408K, used 4585K [0x0000000080000000, 0x0000000100000000)
  region size 1024K, 1 young (1024K), 0 survivors (0K)
 Metaspace       used 9291K, capacity 9430K, committed 10112K, reserved 1058816K
  class space    used 901K, capacity 955K, committed 1152K, reserved 1048576K
}
Event: 41045.065 GC heap after
{Heap after GC invocations=18 (full 18):
 garbage-first heap   total 17408K, used 4579K [0x0000000080000000, 0x0000000100000000)
  region size 1024K, 0 young (0K), 0 survivors (0K)
 Metaspace       used 9291K, capacity 9430K, committed 10112K, reserved 1058816K
  class space    used 901K, capacity 955K, committed 1152K, reserved 1048576K
}
Event: 41082.649 GC heap before
{Heap before GC invocations=18 (full 18):
 garbage-first heap   total 17408K, used 4579K [0x0000000080000000, 0x0000000100000000)
  region size 1024K, 1 young (1024K), 0 survivors (0K)
 Metaspace       used 9291K, capacity 9430K, committed 10112K, reserved 1058816K
  class space    used 901K, capacity 955K, committed 1152K, reserved 1048576K
}
Event: 41082.653 GC heap after
{Heap after GC invocations=19 (full 19):
 garbage-first heap   total 17408K, used 4579K [0x0000000080000000, 0x0000000100000000)
  region size 1024K, 0 young (0K), 0 survivors (0K)
 Metaspace       used 9291K, capacity 9430K, committed 10112K, reserved 1058816K
  class space    used 901K, capacity 955K, committed 1152K, reserved 1048576K
}

